The system is: Windows - 10.0.22621 - AMD64
Compiling the C compiler identification source file "CMakeCCompilerId.c" succeeded.
Compiler: C:/Program Files/Microsoft Visual Studio/2022/Community/VC/Tools/MSVC/14.35.32215/bin/Hostx86/x86/cl.exe 
Build flags: 
Id flags:  

The output was:
0
Microsoft(R) C/C++ Optimizing Compiler Version 19.35.32216.1 for x86
Copyright (C) Microsoft Corporation.  All rights reserved.

CMakeCCompilerId.c
Microsoft (R) Incremental Linker Version 14.35.32216.1
Copyright (C) Microsoft Corporation.  All rights reserved.

/out:CMakeCCompilerId.exe 
CMakeCCompilerId.obj 


Compilation of the C compiler identification source "CMakeCCompilerId.c" produced "CMakeCCompilerId.exe"

Compilation of the C compiler identification source "CMakeCCompilerId.c" produced "CMakeCCompilerId.obj"

The C compiler identification is MSVC, found in "C:/Users/kanuk/clone/GP2040-CE/build2/elf2uf2/CMakeFiles/3.25.1-msvc1/CompilerIdC/CMakeCCompilerId.exe"

Compiling the CXX compiler identification source file "CMakeCXXCompilerId.cpp" succeeded.
Compiler: C:/Program Files/Microsoft Visual Studio/2022/Community/VC/Tools/MSVC/14.35.32215/bin/Hostx86/x86/cl.exe 
Build flags: 
Id flags:  

The output was:
0
Microsoft(R) C/C++ Optimizing Compiler Version 19.35.32216.1 for x86
Copyright (C) Microsoft Corporation.  All rights reserved.

CMakeCXXCompilerId.cpp
Microsoft (R) Incremental Linker Version 14.35.32216.1
Copyright (C) Microsoft Corporation.  All rights reserved.

/out:CMakeCXXCompilerId.exe 
CMakeCXXCompilerId.obj 


Compilation of the CXX compiler identification source "CMakeCXXCompilerId.cpp" produced "CMakeCXXCompilerId.exe"

Compilation of the CXX compiler identification source "CMakeCXXCompilerId.cpp" produced "CMakeCXXCompilerId.obj"

The CXX compiler identification is MSVC, found in "C:/Users/kanuk/clone/GP2040-CE/build2/elf2uf2/CMakeFiles/3.25.1-msvc1/CompilerIdCXX/CMakeCXXCompilerId.exe"

Detecting C compiler ABI info compiled with the following output:
Change Dir: C:/Users/kanuk/clone/GP2040-CE/build2/elf2uf2/CMakeFiles/CMakeScratch/TryCompile-22ur89

Run Build Command(s):nmake -f Makefile /nologo cmTC_c17c3\fast && 	"C:\Program Files\Microsoft Visual Studio\2022\Community\VC\Tools\MSVC\14.35.32215\bin\HostX86\x86\nmake.exe"  -f CMakeFiles\cmTC_c17c3.dir\build.make /nologo -L                  CMakeFiles\cmTC_c17c3.dir\build
Building C object CMakeFiles/cmTC_c17c3.dir/CMakeCCompilerABI.c.obj
	"C:\Program Files\Microsoft Visual Studio\2022\Community\Common7\IDE\CommonExtensions\Microsoft\CMake\CMake\bin\cmake.exe" -E cmake_cl_compile_depends --dep-file=CMakeFiles\cmTC_c17c3.dir\CMakeCCompilerABI.c.obj.d --working-dir=C:\Users\kanuk\clone\GP2040-CE\build2\elf2uf2\CMakeFiles\CMakeScratch\TryCompile-22ur89 --filter-prefix="メモ: インクルード ファイル:  " -- C:\PROGRA~1\MICROS~3\2022\COMMUN~1\VC\Tools\MSVC\1435~1.322\bin\Hostx86\x86\cl.exe @C:\Users\kanuk\AppData\Local\Temp\nm3DC8.tmp
CMakeCCompilerABI.c
繝ｻ・懊・ 繧､繝ｳ繧ｯ繝ｫ繝ｼ繝・繝輔ぃ繧､繝ｫ:  C:\Program Files\Microsoft Visual Studio\2022\Community\Common7\IDE\CommonExtensions\Microsoft\CMake\CMake\share\cmake-3.25\Modules\CMakeCompilerABI.h
Linking C executable cmTC_c17c3.exe
	"C:\Program Files\Microsoft Visual Studio\2022\Community\Common7\IDE\CommonExtensions\Microsoft\CMake\CMake\bin\cmake.exe" -E vs_link_exe --intdir=CMakeFiles\cmTC_c17c3.dir --rc=C:\PROGRA~2\WI3CF2~1\10\bin\100226~1.0\x86\rc.exe --mt=C:\PROGRA~2\WI3CF2~1\10\bin\100226~1.0\x86\mt.exe --manifests -- C:\PROGRA~1\MICROS~3\2022\COMMUN~1\VC\Tools\MSVC\1435~1.322\bin\Hostx86\x86\link.exe /nologo @CMakeFiles\cmTC_c17c3.dir\objects1 @C:\Users\kanuk\AppData\Local\Temp\nm3F21.tmp



Detecting CXX compiler ABI info compiled with the following output:
Change Dir: C:/Users/kanuk/clone/GP2040-CE/build2/elf2uf2/CMakeFiles/CMakeScratch/TryCompile-vln95n

Run Build Command(s):nmake -f Makefile /nologo cmTC_004b9\fast && 	"C:\Program Files\Microsoft Visual Studio\2022\Community\VC\Tools\MSVC\14.35.32215\bin\HostX86\x86\nmake.exe"  -f CMakeFiles\cmTC_004b9.dir\build.make /nologo -L                  CMakeFiles\cmTC_004b9.dir\build
Building CXX object CMakeFiles/cmTC_004b9.dir/CMakeCXXCompilerABI.cpp.obj
	"C:\Program Files\Microsoft Visual Studio\2022\Community\Common7\IDE\CommonExtensions\Microsoft\CMake\CMake\bin\cmake.exe" -E cmake_cl_compile_depends --dep-file=CMakeFiles\cmTC_004b9.dir\CMakeCXXCompilerABI.cpp.obj.d --working-dir=C:\Users\kanuk\clone\GP2040-CE\build2\elf2uf2\CMakeFiles\CMakeScratch\TryCompile-vln95n --filter-prefix="メモ: インクルード ファイル:  " -- C:\PROGRA~1\MICROS~3\2022\COMMUN~1\VC\Tools\MSVC\1435~1.322\bin\Hostx86\x86\cl.exe @C:\Users\kanuk\AppData\Local\Temp\nm4104.tmp
CMakeCXXCompilerABI.cpp
繝ｻ・懊・ 繧､繝ｳ繧ｯ繝ｫ繝ｼ繝・繝輔ぃ繧､繝ｫ:  C:\Program Files\Microsoft Visual Studio\2022\Community\Common7\IDE\CommonExtensions\Microsoft\CMake\CMake\share\cmake-3.25\Modules\CMakeCompilerABI.h
Linking CXX executable cmTC_004b9.exe
	"C:\Program Files\Microsoft Visual Studio\2022\Community\Common7\IDE\CommonExtensions\Microsoft\CMake\CMake\bin\cmake.exe" -E vs_link_exe --intdir=CMakeFiles\cmTC_004b9.dir --rc=C:\PROGRA~2\WI3CF2~1\10\bin\100226~1.0\x86\rc.exe --mt=C:\PROGRA~2\WI3CF2~1\10\bin\100226~1.0\x86\mt.exe --manifests -- C:\PROGRA~1\MICROS~3\2022\COMMUN~1\VC\Tools\MSVC\1435~1.322\bin\Hostx86\x86\link.exe /nologo @CMakeFiles\cmTC_004b9.dir\objects1 @C:\Users\kanuk\AppData\Local\Temp\nm4144.tmp



